[2024-05-29T10:05:47.808] [INFO] default - Example app listening on port localhost:8888
[2024-05-29T12:00:30.363] [INFO] default - Example app listening on port localhost:8888
[2024-05-29T12:01:41.422] [INFO] default - Example app listening on port localhost:8888
[2024-05-29T12:05:04.095] [ERROR] default - Error in creating student. Error: Planet with id 1 is not a valid ObjectId
    at D:\GitProjects\PetProjects\ProfITsoft-Internship\nodejs-hw4\dist\services\spacemissions\index.js:63:19
    at Generator.next (<anonymous>)
    at D:\GitProjects\PetProjects\ProfITsoft-Internship\nodejs-hw4\dist\services\spacemissions\index.js:8:71
    at new Promise (<anonymous>)
    at __awaiter (D:\GitProjects\PetProjects\ProfITsoft-Internship\nodejs-hw4\dist\services\spacemissions\index.js:4:12)
    at validateSpaceMission (D:\GitProjects\PetProjects\ProfITsoft-Internship\nodejs-hw4\dist\services\spacemissions\index.js:59:51)
    at D:\GitProjects\PetProjects\ProfITsoft-Internship\nodejs-hw4\dist\services\spacemissions\index.js:21:44
    at Generator.next (<anonymous>)
    at D:\GitProjects\PetProjects\ProfITsoft-Internship\nodejs-hw4\dist\services\spacemissions\index.js:8:71
    at new Promise (<anonymous>)
[2024-05-29T12:07:27.571] [INFO] default - Example app listening on port localhost:8888
[2024-05-29T12:07:31.708] [ERROR] default - Error in creating student. Error: Planet with id 1 doesn't exist
    at D:\GitProjects\PetProjects\ProfITsoft-Internship\nodejs-hw4\dist\services\spacemissions\index.js:68:19
    at Generator.throw (<anonymous>)
    at rejected (D:\GitProjects\PetProjects\ProfITsoft-Internship\nodejs-hw4\dist\services\spacemissions\index.js:6:65)
    at process.processTicksAndRejections (node:internal/process/task_queues:95:5)
[2024-05-29T12:08:20.659] [ERROR] default - Error in creating student. TypeError: spaceMissionDto.dateStartMission.getTime is not a function
    at D:\GitProjects\PetProjects\ProfITsoft-Internship\nodejs-hw4\dist\services\spacemissions\index.js:73:42
    at Generator.next (<anonymous>)
    at fulfilled (D:\GitProjects\PetProjects\ProfITsoft-Internship\nodejs-hw4\dist\services\spacemissions\index.js:5:58)
    at process.processTicksAndRejections (node:internal/process/task_queues:95:5)
[2024-05-29T12:10:18.956] [INFO] default - Example app listening on port localhost:8888
[2024-05-29T12:10:20.236] [ERROR] default - Error in creating spaceMission. TypeError: spaceMissionDto.dateStartMission.getTime is not a function
    at D:\GitProjects\PetProjects\ProfITsoft-Internship\nodejs-hw4\dist\services\spacemissions\index.js:73:42
    at Generator.next (<anonymous>)
    at fulfilled (D:\GitProjects\PetProjects\ProfITsoft-Internship\nodejs-hw4\dist\services\spacemissions\index.js:5:58)
    at process.processTicksAndRejections (node:internal/process/task_queues:95:5)
